<?xml version="1.0" encoding="UTF-8"?>
<!-- Generated by org.testng.reporters.JUnitReportReporter -->
<testsuite skipped="0" hostname="LP-PF01SJ2L" name="com.hcl.testcases.Simpletest" tests="2" failures="0" timestamp="14 Jan 2018 12:18:25 GMT" time="5.324" errors="0">
  <testcase name="test1" time="5.305" classname="com.hcl.testcases.Simpletest"/>
  <testcase name="simpletest" time="0.019" classname="com.hcl.testcases.Simpletest"/>
</testsuite> <!-- com.hcl.testcases.Simpletest -->
